  528
 
Au     -16.2250000    -15.3286496     -7.2259947
Au     -13.2750000    -15.3286496     -7.2259947
Au     -10.3250000    -15.3286496     -7.2259947
Au      -7.3750000    -15.3286496     -7.2259947
Au      -4.4250000    -15.3286496     -7.2259947
Au      -1.4750000    -15.3286496     -7.2259947
Au       1.4750000    -15.3286496     -7.2259947
Au       4.4250000    -15.3286496     -7.2259947
Au       7.3750000    -15.3286496     -7.2259947
Au      10.3250000    -15.3286496     -7.2259947
Au      13.2750000    -15.3286496     -7.2259947
Au     -14.7500000    -12.7738747     -7.2259947
Au     -11.8000000    -12.7738747     -7.2259947
Au      -8.8500000    -12.7738747     -7.2259947
Au      -5.9000000    -12.7738747     -7.2259947
Au      -2.9500000    -12.7738747     -7.2259947
Au      -0.0000000    -12.7738747     -7.2259947
Au       2.9500000    -12.7738747     -7.2259947
Au       5.9000000    -12.7738747     -7.2259947
Au       8.8500000    -12.7738747     -7.2259947
Au      11.8000000    -12.7738747     -7.2259947
Au      14.7500000    -12.7738747     -7.2259947
Au     -13.2750000    -10.2190998     -7.2259947
Au     -10.3250000    -10.2190998     -7.2259947
Au      -7.3750000    -10.2190998     -7.2259947
Au      -4.4250000    -10.2190998     -7.2259947
Au      -1.4750000    -10.2190998     -7.2259947
Au       1.4750000    -10.2190998     -7.2259947
Au       4.4250000    -10.2190998     -7.2259947
Au       7.3750000    -10.2190998     -7.2259947
Au      10.3250000    -10.2190998     -7.2259947
Au      13.2750000    -10.2190998     -7.2259947
Au      16.2250000    -10.2190998     -7.2259947
Au     -11.8000000     -7.6643248     -7.2259947
Au      -8.8500000     -7.6643248     -7.2259947
Au      -5.9000000     -7.6643248     -7.2259947
Au      -2.9500000     -7.6643248     -7.2259947
Au      -0.0000000     -7.6643248     -7.2259947
Au       2.9500000     -7.6643248     -7.2259947
Au       5.9000000     -7.6643248     -7.2259947
Au       8.8500000     -7.6643248     -7.2259947
Au      11.8000000     -7.6643248     -7.2259947
Au      14.7500000     -7.6643248     -7.2259947
Au     -14.7500000     -7.6643248     -7.2259947
Au     -10.3250000     -5.1095499     -7.2259947
Au      -7.3750000     -5.1095499     -7.2259947
Au      -4.4250000     -5.1095499     -7.2259947
Au      -1.4750000     -5.1095499     -7.2259947
Au       1.4750000     -5.1095499     -7.2259947
Au       4.4250000     -5.1095499     -7.2259947
Au       7.3750000     -5.1095499     -7.2259947
Au      10.3250000     -5.1095499     -7.2259947
Au      13.2750000     -5.1095499     -7.2259947
Au      16.2250000     -5.1095499     -7.2259947
Au     -13.2750000     -5.1095499     -7.2259947
Au      -8.8500000     -2.5547749     -7.2259947
Au      -5.9000000     -2.5547749     -7.2259947
Au      -2.9500000     -2.5547749     -7.2259947
Au      -0.0000000     -2.5547749     -7.2259947
Au       2.9500000     -2.5547749     -7.2259947
Au       5.9000000     -2.5547749     -7.2259947
Au       8.8500000     -2.5547749     -7.2259947
Au      11.8000000     -2.5547749     -7.2259947
Au      14.7500000     -2.5547749     -7.2259947
Au     -14.7500000     -2.5547749     -7.2259947
Au     -11.8000000     -2.5547749     -7.2259947
Au      -7.3750000     -0.0000000     -7.2259947
Au      -4.4250000     -0.0000000     -7.2259947
Au      -1.4750000     -0.0000000     -7.2259947
Au       1.4750000     -0.0000000     -7.2259947
Au       4.4250000     -0.0000000     -7.2259947
Au       7.3750000     -0.0000000     -7.2259947
Au      10.3250000     -0.0000000     -7.2259947
Au      13.2750000     -0.0000000     -7.2259947
Au      16.2250000     -0.0000000     -7.2259947
Au     -13.2750000     -0.0000000     -7.2259947
Au     -10.3250000     -0.0000000     -7.2259947
Au      -5.9000000      2.5547749     -7.2259947
Au      -2.9500000      2.5547749     -7.2259947
Au      -0.0000000      2.5547749     -7.2259947
Au       2.9500000      2.5547749     -7.2259947
Au       5.9000000      2.5547749     -7.2259947
Au       8.8500000      2.5547749     -7.2259947
Au      11.8000000      2.5547749     -7.2259947
Au      14.7500000      2.5547749     -7.2259947
Au     -14.7500000      2.5547749     -7.2259947
Au     -11.8000000      2.5547749     -7.2259947
Au      -8.8500000      2.5547749     -7.2259947
Au      -4.4250000      5.1095499     -7.2259947
Au      -1.4750000      5.1095499     -7.2259947
Au       1.4750000      5.1095499     -7.2259947
Au       4.4250000      5.1095499     -7.2259947
Au       7.3750000      5.1095499     -7.2259947
Au      10.3250000      5.1095499     -7.2259947
Au      13.2750000      5.1095499     -7.2259947
Au      16.2250000      5.1095499     -7.2259947
Au     -13.2750000      5.1095499     -7.2259947
Au     -10.3250000      5.1095499     -7.2259947
Au      -7.3750000      5.1095499     -7.2259947
Au      -2.9500000      7.6643248     -7.2259947
Au       0.0000000      7.6643248     -7.2259947
Au       2.9500000      7.6643248     -7.2259947
Au       5.9000000      7.6643248     -7.2259947
Au       8.8500000      7.6643248     -7.2259947
Au      11.8000000      7.6643248     -7.2259947
Au      14.7500000      7.6643248     -7.2259947
Au     -14.7500000      7.6643248     -7.2259947
Au     -11.8000000      7.6643248     -7.2259947
Au      -8.8500000      7.6643248     -7.2259947
Au      -5.9000000      7.6643248     -7.2259947
Au      -1.4750000     10.2190998     -7.2259947
Au       1.4750000     10.2190998     -7.2259947
Au       4.4250000     10.2190998     -7.2259947
Au       7.3750000     10.2190998     -7.2259947
Au      10.3250000     10.2190998     -7.2259947
Au      13.2750000     10.2190998     -7.2259947
Au      16.2250000     10.2190998     -7.2259947
Au     -13.2750000     10.2190998     -7.2259947
Au     -10.3250000     10.2190998     -7.2259947
Au      -7.3750000     10.2190998     -7.2259947
Au      -4.4250000     10.2190998     -7.2259947
Au       0.0000000     12.7738747     -7.2259947
Au       2.9500000     12.7738747     -7.2259947
Au       5.9000000     12.7738747     -7.2259947
Au       8.8500000     12.7738747     -7.2259947
Au      11.8000000     12.7738747     -7.2259947
Au      14.7500000     12.7738747     -7.2259947
Au     -14.7500000     12.7738747     -7.2259947
Au     -11.8000000     12.7738747     -7.2259947
Au      -8.8500000     12.7738747     -7.2259947
Au      -5.9000000     12.7738747     -7.2259947
Au      -2.9500000     12.7738747     -7.2259947
Au     -16.2250000    -13.6254664     -4.8173298
Au     -13.2750000    -13.6254664     -4.8173298
Au     -10.3250000    -13.6254664     -4.8173298
Au      -7.3750000    -13.6254664     -4.8173298
Au      -4.4250000    -13.6254664     -4.8173298
Au      -1.4750000    -13.6254664     -4.8173298
Au       1.4750000    -13.6254664     -4.8173298
Au       4.4250000    -13.6254664     -4.8173298
Au       7.3750000    -13.6254664     -4.8173298
Au      10.3250000    -13.6254664     -4.8173298
Au      13.2750000    -13.6254664     -4.8173298
Au     -14.7500000    -11.0706914     -4.8173298
Au     -11.8000000    -11.0706914     -4.8173298
Au      -8.8500000    -11.0706914     -4.8173298
Au      -5.9000000    -11.0706914     -4.8173298
Au      -2.9500000    -11.0706914     -4.8173298
Au      -0.0000000    -11.0706914     -4.8173298
Au       2.9500000    -11.0706914     -4.8173298
Au       5.9000000    -11.0706914     -4.8173298
Au       8.8500000    -11.0706914     -4.8173298
Au      11.8000000    -11.0706914     -4.8173298
Au      14.7500000    -11.0706914     -4.8173298
Au     -13.2750000     -8.5159165     -4.8173298
Au     -10.3250000     -8.5159165     -4.8173298
Au      -7.3750000     -8.5159165     -4.8173298
Au      -4.4250000     -8.5159165     -4.8173298
Au      -1.4750000     -8.5159165     -4.8173298
Au       1.4750000     -8.5159165     -4.8173298
Au       4.4250000     -8.5159165     -4.8173298
Au       7.3750000     -8.5159165     -4.8173298
Au      10.3250000     -8.5159165     -4.8173298
Au      13.2750000     -8.5159165     -4.8173298
Au      16.2250000     -8.5159165     -4.8173298
Au     -11.8000000     -5.9611415     -4.8173298
Au      -8.8500000     -5.9611415     -4.8173298
Au      -5.9000000     -5.9611415     -4.8173298
Au      -2.9500000     -5.9611415     -4.8173298
Au      -0.0000000     -5.9611415     -4.8173298
Au       2.9500000     -5.9611415     -4.8173298
Au       5.9000000     -5.9611415     -4.8173298
Au       8.8500000     -5.9611415     -4.8173298
Au      11.8000000     -5.9611415     -4.8173298
Au      14.7500000     -5.9611415     -4.8173298
Au     -14.7500000     -5.9611415     -4.8173298
Au     -10.3250000     -3.4063666     -4.8173298
Au      -7.3750000     -3.4063666     -4.8173298
Au      -4.4250000     -3.4063666     -4.8173298
Au      -1.4750000     -3.4063666     -4.8173298
Au       1.4750000     -3.4063666     -4.8173298
Au       4.4250000     -3.4063666     -4.8173298
Au       7.3750000     -3.4063666     -4.8173298
Au      10.3250000     -3.4063666     -4.8173298
Au      13.2750000     -3.4063666     -4.8173298
Au      16.2250000     -3.4063666     -4.8173298
Au     -13.2750000     -3.4063666     -4.8173298
Au      -8.8500000     -0.8515916     -4.8173298
Au      -5.9000000     -0.8515916     -4.8173298
Au      -2.9500000     -0.8515916     -4.8173298
Au      -0.0000000     -0.8515916     -4.8173298
Au       2.9500000     -0.8515916     -4.8173298
Au       5.9000000     -0.8515916     -4.8173298
Au       8.8500000     -0.8515916     -4.8173298
Au      11.8000000     -0.8515916     -4.8173298
Au      14.7500000     -0.8515916     -4.8173298
Au     -14.7500000     -0.8515916     -4.8173298
Au     -11.8000000     -0.8515916     -4.8173298
Au      -7.3750000      1.7031833     -4.8173298
Au      -4.4250000      1.7031833     -4.8173298
Au      -1.4750000      1.7031833     -4.8173298
Au       1.4750000      1.7031833     -4.8173298
Au       4.4250000      1.7031833     -4.8173298
Au       7.3750000      1.7031833     -4.8173298
Au      10.3250000      1.7031833     -4.8173298
Au      13.2750000      1.7031833     -4.8173298
Au      16.2250000      1.7031833     -4.8173298
Au     -13.2750000      1.7031833     -4.8173298
Au     -10.3250000      1.7031833     -4.8173298
Au      -5.9000000      4.2579582     -4.8173298
Au      -2.9500000      4.2579582     -4.8173298
Au      -0.0000000      4.2579582     -4.8173298
Au       2.9500000      4.2579582     -4.8173298
Au       5.9000000      4.2579582     -4.8173298
Au       8.8500000      4.2579582     -4.8173298
Au      11.8000000      4.2579582     -4.8173298
Au      14.7500000      4.2579582     -4.8173298
Au     -14.7500000      4.2579582     -4.8173298
Au     -11.8000000      4.2579582     -4.8173298
Au      -8.8500000      4.2579582     -4.8173298
Au      -4.4250000      6.8127332     -4.8173298
Au      -1.4750000      6.8127332     -4.8173298
Au       1.4750000      6.8127332     -4.8173298
Au       4.4250000      6.8127332     -4.8173298
Au       7.3750000      6.8127332     -4.8173298
Au      10.3250000      6.8127332     -4.8173298
Au      13.2750000      6.8127332     -4.8173298
Au      16.2250000      6.8127332     -4.8173298
Au     -13.2750000      6.8127332     -4.8173298
Au     -10.3250000      6.8127332     -4.8173298
Au      -7.3750000      6.8127332     -4.8173298
Au      -2.9500000      9.3675081     -4.8173298
Au       0.0000000      9.3675081     -4.8173298
Au       2.9500000      9.3675081     -4.8173298
Au       5.9000000      9.3675081     -4.8173298
Au       8.8500000      9.3675081     -4.8173298
Au      11.8000000      9.3675081     -4.8173298
Au      14.7500000      9.3675081     -4.8173298
Au     -14.7500000      9.3675081     -4.8173298
Au     -11.8000000      9.3675081     -4.8173298
Au      -8.8500000      9.3675081     -4.8173298
Au      -5.9000000      9.3675081     -4.8173298
Au      -1.4750000     11.9222831     -4.8173298
Au       1.4750000     11.9222831     -4.8173298
Au       4.4250000     11.9222831     -4.8173298
Au       7.3750000     11.9222831     -4.8173298
Au      10.3250000     11.9222831     -4.8173298
Au      13.2750000     11.9222831     -4.8173298
Au      16.2250000     11.9222831     -4.8173298
Au     -13.2750000     11.9222831     -4.8173298
Au     -10.3250000     11.9222831     -4.8173298
Au      -7.3750000     11.9222831     -4.8173298
Au      -4.4250000     11.9222831     -4.8173298
Au       0.0000000     14.4770580     -4.8173298
Au       2.9500000     14.4770580     -4.8173298
Au       5.9000000     14.4770580     -4.8173298
Au       8.8500000     14.4770580     -4.8173298
Au      11.8000000     14.4770580     -4.8173298
Au      14.7500000     14.4770580     -4.8173298
Au     -14.7500000     14.4770580     -4.8173298
Au     -11.8000000     14.4770580     -4.8173298
Au      -8.8500000     14.4770580     -4.8173298
Au      -5.9000000     14.4770580     -4.8173298
Au      -2.9500000     14.4770580     -4.8173298
Au     -16.2250000    -11.9222831     -2.4086649
Au     -13.2750000    -11.9222831     -2.4086649
Au     -10.3250000    -11.9222831     -2.4086649
Au      -7.3750000    -11.9222831     -2.4086649
Au      -4.4250000    -11.9222831     -2.4086649
Au      -1.4750000    -11.9222831     -2.4086649
Au       1.4750000    -11.9222831     -2.4086649
Au       4.4250000    -11.9222831     -2.4086649
Au       7.3750000    -11.9222831     -2.4086649
Au      10.3250000    -11.9222831     -2.4086649
Au      13.2750000    -11.9222831     -2.4086649
Au     -14.7500000     -9.3675081     -2.4086649
Au     -11.8000000     -9.3675081     -2.4086649
Au      -8.8500000     -9.3675081     -2.4086649
Au      -5.9000000     -9.3675081     -2.4086649
Au      -2.9500000     -9.3675081     -2.4086649
Au      -0.0000000     -9.3675081     -2.4086649
Au       2.9500000     -9.3675081     -2.4086649
Au       5.9000000     -9.3675081     -2.4086649
Au       8.8500000     -9.3675081     -2.4086649
Au      11.8000000     -9.3675081     -2.4086649
Au      14.7500000     -9.3675081     -2.4086649
Au     -13.2750000     -6.8127332     -2.4086649
Au     -10.3250000     -6.8127332     -2.4086649
Au      -7.3750000     -6.8127332     -2.4086649
Au      -4.4250000     -6.8127332     -2.4086649
Au      -1.4750000     -6.8127332     -2.4086649
Au       1.4750000     -6.8127332     -2.4086649
Au       4.4250000     -6.8127332     -2.4086649
Au       7.3750000     -6.8127332     -2.4086649
Au      10.3250000     -6.8127332     -2.4086649
Au      13.2750000     -6.8127332     -2.4086649
Au      16.2250000     -6.8127332     -2.4086649
Au     -11.8000000     -4.2579582     -2.4086649
Au      -8.8500000     -4.2579582     -2.4086649
Au      -5.9000000     -4.2579582     -2.4086649
Au      -2.9500000     -4.2579582     -2.4086649
Au      -0.0000000     -4.2579582     -2.4086649
Au       2.9500000     -4.2579582     -2.4086649
Au       5.9000000     -4.2579582     -2.4086649
Au       8.8500000     -4.2579582     -2.4086649
Au      11.8000000     -4.2579582     -2.4086649
Au      14.7500000     -4.2579582     -2.4086649
Au     -14.7500000     -4.2579582     -2.4086649
Au     -10.3250000     -1.7031833     -2.4086649
Au      -7.3750000     -1.7031833     -2.4086649
Au      -4.4250000     -1.7031833     -2.4086649
Au      -1.4750000     -1.7031833     -2.4086649
Au       1.4750000     -1.7031833     -2.4086649
Au       4.4250000     -1.7031833     -2.4086649
Au       7.3750000     -1.7031833     -2.4086649
Au      10.3250000     -1.7031833     -2.4086649
Au      13.2750000     -1.7031833     -2.4086649
Au      16.2250000     -1.7031833     -2.4086649
Au     -13.2750000     -1.7031833     -2.4086649
Au      -8.8500000      0.8515916     -2.4086649
Au      -5.9000000      0.8515916     -2.4086649
Au      -2.9500000      0.8515916     -2.4086649
Au      -0.0000000      0.8515916     -2.4086649
Au       2.9500000      0.8515916     -2.4086649
Au       5.9000000      0.8515916     -2.4086649
Au       8.8500000      0.8515916     -2.4086649
Au      11.8000000      0.8515916     -2.4086649
Au      14.7500000      0.8515916     -2.4086649
Au     -14.7500000      0.8515916     -2.4086649
Au     -11.8000000      0.8515916     -2.4086649
Au      -7.3750000      3.4063666     -2.4086649
Au      -4.4250000      3.4063666     -2.4086649
Au      -1.4750000      3.4063666     -2.4086649
Au       1.4750000      3.4063666     -2.4086649
Au       4.4250000      3.4063666     -2.4086649
Au       7.3750000      3.4063666     -2.4086649
Au      10.3250000      3.4063666     -2.4086649
Au      13.2750000      3.4063666     -2.4086649
Au      16.2250000      3.4063666     -2.4086649
Au     -13.2750000      3.4063666     -2.4086649
Au     -10.3250000      3.4063666     -2.4086649
Au      -5.9000000      5.9611415     -2.4086649
Au      -2.9500000      5.9611415     -2.4086649
Au      -0.0000000      5.9611415     -2.4086649
Au       2.9500000      5.9611415     -2.4086649
Au       5.9000000      5.9611415     -2.4086649
Au       8.8500000      5.9611415     -2.4086649
Au      11.8000000      5.9611415     -2.4086649
Au      14.7500000      5.9611415     -2.4086649
Au     -14.7500000      5.9611415     -2.4086649
Au     -11.8000000      5.9611415     -2.4086649
Au      -8.8500000      5.9611415     -2.4086649
Au      -4.4250000      8.5159165     -2.4086649
Au      -1.4750000      8.5159165     -2.4086649
Au       1.4750000      8.5159165     -2.4086649
Au       4.4250000      8.5159165     -2.4086649
Au       7.3750000      8.5159165     -2.4086649
Au      10.3250000      8.5159165     -2.4086649
Au      13.2750000      8.5159165     -2.4086649
Au      16.2250000      8.5159165     -2.4086649
Au     -13.2750000      8.5159165     -2.4086649
Au     -10.3250000      8.5159165     -2.4086649
Au      -7.3750000      8.5159165     -2.4086649
Au      -2.9500000     11.0706914     -2.4086649
Au       0.0000000     11.0706914     -2.4086649
Au       2.9500000     11.0706914     -2.4086649
Au       5.9000000     11.0706914     -2.4086649
Au       8.8500000     11.0706914     -2.4086649
Au      11.8000000     11.0706914     -2.4086649
Au      14.7500000     11.0706914     -2.4086649
Au     -14.7500000     11.0706914     -2.4086649
Au     -11.8000000     11.0706914     -2.4086649
Au      -8.8500000     11.0706914     -2.4086649
Au      -5.9000000     11.0706914     -2.4086649
Au      -1.4750000     13.6254664     -2.4086649
Au       1.4750000     13.6254664     -2.4086649
Au       4.4250000     13.6254664     -2.4086649
Au       7.3750000     13.6254664     -2.4086649
Au      10.3250000     13.6254664     -2.4086649
Au      13.2750000     13.6254664     -2.4086649
Au      16.2250000     13.6254664     -2.4086649
Au     -13.2750000     13.6254664     -2.4086649
Au     -10.3250000     13.6254664     -2.4086649
Au      -7.3750000     13.6254664     -2.4086649
Au      -4.4250000     13.6254664     -2.4086649
Au       0.0000000    -14.4770580     -2.4086649
Au       2.9500000    -14.4770580     -2.4086649
Au       5.9000000    -14.4770580     -2.4086649
Au       8.8500000    -14.4770580     -2.4086649
Au      11.8000000    -14.4770580     -2.4086649
Au      14.7500000    -14.4770580     -2.4086649
Au     -14.7500000    -14.4770580     -2.4086649
Au     -11.8000000    -14.4770580     -2.4086649
Au      -8.8500000    -14.4770580     -2.4086649
Au      -5.9000000    -14.4770580     -2.4086649
Au      -2.9500000    -14.4770580     -2.4086649
Au     -16.2250000    -10.2190998      0.0000000
Au     -13.2750000    -10.2190998      0.0000000
Au     -10.3250000    -10.2190998      0.0000000
Au      -7.3750000    -10.2190998      0.0000000
Au      -4.4250000    -10.2190998      0.0000000
Au      -1.4750000    -10.2190998      0.0000000
Au       1.4750000    -10.2190998      0.0000000
Au       4.4250000    -10.2190998      0.0000000
Au       7.3750000    -10.2190998      0.0000000
Au      10.3250000    -10.2190998      0.0000000
Au      13.2750000    -10.2190998      0.0000000
Au     -14.7500000     -7.6643248      0.0000000
Au     -11.8000000     -7.6643248      0.0000000
Au      -8.8500000     -7.6643248      0.0000000
Au      -5.9000000     -7.6643248      0.0000000
Au      -2.9500000     -7.6643248      0.0000000
Au      -0.0000000     -7.6643248      0.0000000
Au       2.9500000     -7.6643248      0.0000000
Au       5.9000000     -7.6643248      0.0000000
Au       8.8500000     -7.6643248      0.0000000
Au      11.8000000     -7.6643248      0.0000000
Au      14.7500000     -7.6643248      0.0000000
Au     -13.2750000     -5.1095499      0.0000000
Au     -10.3250000     -5.1095499      0.0000000
Au      -7.3750000     -5.1095499      0.0000000
Au      -4.4250000     -5.1095499      0.0000000
Au      -1.4750000     -5.1095499      0.0000000
Au       1.4750000     -5.1095499      0.0000000
Au       4.4250000     -5.1095499      0.0000000
Au       7.3750000     -5.1095499      0.0000000
Au      10.3250000     -5.1095499      0.0000000
Au      13.2750000     -5.1095499      0.0000000
Au      16.2250000     -5.1095499      0.0000000
Au     -11.8000000     -2.5547749      0.0000000
Au      -8.8500000     -2.5547749      0.0000000
Au      -5.9000000     -2.5547749      0.0000000
Au      -2.9500000     -2.5547749      0.0000000
Au      -0.0000000     -2.5547749      0.0000000
Au       2.9500000     -2.5547749      0.0000000
Au       5.9000000     -2.5547749      0.0000000
Au       8.8500000     -2.5547749      0.0000000
Au      11.8000000     -2.5547749      0.0000000
Au      14.7500000     -2.5547749      0.0000000
Au     -14.7500000     -2.5547749      0.0000000
Au     -10.3250000     -0.0000000      0.0000000
Au      -7.3750000     -0.0000000      0.0000000
Au      -4.4250000     -0.0000000      0.0000000
Au      -1.4750000     -0.0000000      0.0000000
Au       1.4750000     -0.0000000      0.0000000
Au       4.4250000     -0.0000000      0.0000000
Au       7.3750000     -0.0000000      0.0000000
Au      10.3250000     -0.0000000      0.0000000
Au      13.2750000     -0.0000000      0.0000000
Au      16.2250000     -0.0000000      0.0000000
Au     -13.2750000     -0.0000000      0.0000000
Au      -8.8500000      2.5547749      0.0000000
Au      -5.9000000      2.5547749      0.0000000
Au      -2.9500000      2.5547749      0.0000000
Au      -0.0000000      2.5547749      0.0000000
Au       2.9500000      2.5547749      0.0000000
Au       5.9000000      2.5547749      0.0000000
Au       8.8500000      2.5547749      0.0000000
Au      11.8000000      2.5547749      0.0000000
Au      14.7500000      2.5547749      0.0000000
Au     -14.7500000      2.5547749      0.0000000
Au     -11.8000000      2.5547749      0.0000000
Au      -7.3750000      5.1095499      0.0000000
Au      -4.4250000      5.1095499      0.0000000
Au      -1.4750000      5.1095499      0.0000000
Au       1.4750000      5.1095499      0.0000000
Au       4.4250000      5.1095499      0.0000000
Au       7.3750000      5.1095499      0.0000000
Au      10.3250000      5.1095499      0.0000000
Au      13.2750000      5.1095499      0.0000000
Au      16.2250000      5.1095499      0.0000000
Au     -13.2750000      5.1095499      0.0000000
Au     -10.3250000      5.1095499      0.0000000
Au      -5.9000000      7.6643248      0.0000000
Au      -2.9500000      7.6643248      0.0000000
Au      -0.0000000      7.6643248      0.0000000
Au       2.9500000      7.6643248      0.0000000
Au       5.9000000      7.6643248      0.0000000
Au       8.8500000      7.6643248      0.0000000
Au      11.8000000      7.6643248      0.0000000
Au      14.7500000      7.6643248      0.0000000
Au     -14.7500000      7.6643248      0.0000000
Au     -11.8000000      7.6643248      0.0000000
Au      -8.8500000      7.6643248      0.0000000
Au      -4.4250000     10.2190998      0.0000000
Au      -1.4750000     10.2190998      0.0000000
Au       1.4750000     10.2190998      0.0000000
Au       4.4250000     10.2190998      0.0000000
Au       7.3750000     10.2190998      0.0000000
Au      10.3250000     10.2190998      0.0000000
Au      13.2750000     10.2190998      0.0000000
Au      16.2250000     10.2190998      0.0000000
Au     -13.2750000     10.2190998      0.0000000
Au     -10.3250000     10.2190998      0.0000000
Au      -7.3750000     10.2190998      0.0000000
Au      -2.9500000     12.7738747      0.0000000
Au       0.0000000     12.7738747      0.0000000
Au       2.9500000     12.7738747      0.0000000
Au       5.9000000     12.7738747      0.0000000
Au       8.8500000     12.7738747      0.0000000
Au      11.8000000     12.7738747      0.0000000
Au      14.7500000     12.7738747      0.0000000
Au     -14.7500000     12.7738747      0.0000000
Au     -11.8000000     12.7738747      0.0000000
Au      -8.8500000     12.7738747      0.0000000
Au      -5.9000000     12.7738747      0.0000000
Au      -1.4750000     15.3286496      0.0000000
Au       1.4750000     15.3286496      0.0000000
Au       4.4250000     15.3286496      0.0000000
Au       7.3750000     15.3286496      0.0000000
Au      10.3250000     15.3286496      0.0000000
Au      13.2750000     15.3286496      0.0000000
Au      16.2250000     15.3286496      0.0000000
Au     -13.2750000     15.3286496      0.0000000
Au     -10.3250000     15.3286496      0.0000000
Au      -7.3750000     15.3286496      0.0000000
Au      -4.4250000     15.3286496      0.0000000
Au       0.0000000    -12.7738747      0.0000000
Au       2.9500000    -12.7738747      0.0000000
Au       5.9000000    -12.7738747      0.0000000
Au       8.8500000    -12.7738747      0.0000000
Au      11.8000000    -12.7738747      0.0000000
Au      14.7500000    -12.7738747      0.0000000
Au     -14.7500000    -12.7738747      0.0000000
Au     -11.8000000    -12.7738747      0.0000000
Au      -8.8500000    -12.7738747      0.0000000
Au      -5.9000000    -12.7738747      0.0000000
Au      -2.9500000    -12.7738747      0.0000000
 
